<?xml version="1.0" encoding="UTF-8"?>
<!-- Generated by org.testng.reporters.JUnitReportReporter -->
<testsuite hostname="LAPTOP-RK4E0QFO" failures="0" tests="1" name="com.Chezuba.TestCases.TC_001_LoginPage" time="61.496" errors="0" timestamp="2022-06-06T16:41:54 IST" skipped="0">
  <testcase classname="com.Chezuba.TestCases.TC_001_LoginPage" name="gmailLoginCheck" time="61.496"/>
  <system-out/>
</testsuite> <!-- com.Chezuba.TestCases.TC_001_LoginPage -->
